## Error Type
Build Error

## Error Message
Ecmascript file had an error

## Build Output
./src/components/marketing/sections/DeveloperSection.tsx:7:21
Ecmascript file had an error
   5 | import { Icon } from '@/components/marketing/ui/Icon';
   6 |
>  7 | const DataFlowSvg = dynamic(() => import('@/components/marketing/svg/DataFlowSvg'), { ssr: false });
     |                     ^^^^^^^^^^^^^^^^^^^^^^^^^^^^^^^^^^^^^^^^^^^^^^^^^^^^^^^^^^^^^^^^^^^^^^^^^^^^^^^
   8 |
   9 | export function DeveloperSection() {
  10 |     return (

`ssr: false` is not allowed with `next/dynamic` in Server Components. Please move it into a Client Component.

Import trace:
  Server Component:
    ./src/components/marketing/sections/DeveloperSection.tsx
    ./src/app/(marketing)/page.tsx

Next.js version: 16.1.6 (Turbopack)
